<?xml version="1.0" encoding="UTF-8"?>
<!-- Generated by org.testng.reporters.JUnitXMLReporter -->
<testsuite ignored="0" hostname="DESKTOP-NF3J3DA" failures="1" tests="1" name="Test" time="53.155" errors="0" timestamp="2023-02-13T18:13:19 GMT">
  <testcase classname="io.cucumber.testng.AbstractTestNGCucumberTests" name="runScenario" time="49.464">
    <failure type="java.lang.AssertionError" message="Validate currency Irelandis loaded correctly expected [true] but found [false]">
      <![CDATA[java.lang.AssertionError: Validate currency Irelandis loaded correctly expected [true] but found [false]
at com.tradingview.stepdefinitions.CurrencyOverviewPageStepDefinitions.verifyCurrencyPage(CurrencyOverviewPageStepDefinitions.java:30)
at ✽.I verify currency as "Ireland" in rates page(file:///C:/Users/laksh/Desktop/Sample/demo-acceptance-tests/src/test/resources/features/search.feature:10)
... Removed 3 stack frames]]>
    </failure>
  </testcase> <!-- runScenario -->
</testsuite> <!-- Test -->
