<?xml version="1.0" encoding="UTF-8"?>
<!-- Generated by org.testng.reporters.JUnitReportReporter -->
<testsuite hostname="DESKTOP-NF3J3DA" failures="1" tests="1" name="com.tradingview.runner.TradingViewRunner" time="49.464" errors="0" timestamp="2023-02-13T18:13:19 GMT" skipped="0">
  <testcase classname="com.tradingview.runner.TradingViewRunner" name="runScenario" time="49.464">
    <failure message="Validate currency Irelandis loaded correctly expected [true] but found [false]" type="java.lang.AssertionError">
      <![CDATA[java.lang.AssertionError: Validate currency Irelandis loaded correctly expected [true] but found [false]
at org.testng.Assert.fail(Assert.java:110)
at org.testng.Assert.failNotEquals(Assert.java:1577)
at org.testng.Assert.assertTrue(Assert.java:56)
at com.tradingview.stepdefinitions.CurrencyOverviewPageStepDefinitions.verifyCurrencyPage(CurrencyOverviewPageStepDefinitions.java:30)
at ✽.I verify currency as "Ireland" in rates page(file:///C:/Users/laksh/Desktop/Sample/demo-acceptance-tests/src/test/resources/features/search.feature:10)
]]>
    </failure>
  </testcase> <!-- runScenario -->
  <system-out/>
</testsuite> <!-- com.tradingview.runner.TradingViewRunner -->
